----------------------------------------------------------------
Fri Jul 06 16:45:31 CEST 2018:
Booting Derby version The Apache Software Foundation - Apache Derby - 10.11.1.1 - (1616546): instance a816c00e-0164-700e-1ef4-0000077af848 
on database directory memory:C:\Users\jmese\Projekt\cooleMicroservices\hbrs.registration\RegistrationDB with class loader java.net.URLClassLoader@6523c66e 
Loaded from file:/C:/Users/jmese/.m2/repository/org/apache/derby/derby/10.11.1.1/derby-10.11.1.1.jar
java.vendor=Oracle Corporation
java.runtime.version=1.8.0_171-b11
user.dir=C:\Users\jmese\Projekt\cooleMicroservices\hbrs.registration
os.name=Windows 10
os.arch=amd64
os.version=10.0
derby.system.home=null
Database Class Loader started - derby.database.classpath=''
----------------------------------------------------------------
Fri Jul 06 16:45:36 CEST 2018:
Booting Derby version The Apache Software Foundation - Apache Derby - 10.11.1.1 - (1616546): instance 6ede40af-0164-700e-1ef4-0000077af848 
on database directory memory:C:\Users\jmese\Projekt\cooleMicroservices\hbrs.registration\testdb with class loader java.net.URLClassLoader@6523c66e 
Loaded from file:/C:/Users/jmese/.m2/repository/org/apache/derby/derby/10.11.1.1/derby-10.11.1.1.jar
java.vendor=Oracle Corporation
java.runtime.version=1.8.0_171-b11
user.dir=C:\Users\jmese\Projekt\cooleMicroservices\hbrs.registration
os.name=Windows 10
os.arch=amd64
os.version=10.0
derby.system.home=null
derby.stream.error.method=org.springframework.jdbc.datasource.embedded.OutputStreamFactory.getNoopOutputStream
Database Class Loader started - derby.database.classpath=''
